Using pre-set license
Built from '2021.1/release' branch; Version is '2021.1.4f1 (4cd64a618c1b) revision 5035594'; Using compiler version '192528614'; Build Type 'Release'
OS: 'Windows 10 Home; OS build 19044.1766; Version 2009; 64bit' Language: 'en' Physical Memory: 16301 MB
BatchMode: 1, IsHumanControllingUs: 0, StartBugReporterOnCrash: 0, Is64bit: 1, IsPro: 0

 COMMAND LINE ARGUMENTS:
C:\Program Files\Unity\Hub\Editor\2021.1.4f1\Editor\Unity.exe
-adb2
-batchMode
-noUpm
-name
AssetImportWorker0
-projectPath
C:/Users/user-pc/Documents/GitHub/Match3FTUE
-logFile
Logs/AssetImportWorker0.log
-srvPort
61869
Successfully changed project path to: C:/Users/user-pc/Documents/GitHub/Match3FTUE
C:/Users/user-pc/Documents/GitHub/Match3FTUE
Using Asset Import Pipeline V2.
Refreshing native plugins compatible for Editor in 106.28 ms, found 2 plugins.
Preloading 0 native plugins for Editor in 0.00 ms.
Initialize engine version: 2021.1.4f1 (4cd64a618c1b)
[Subsystems] Discovering subsystems at path C:/Program Files/Unity/Hub/Editor/2021.1.4f1/Editor/Data/Resources/UnitySubsystems
[Subsystems] Discovering subsystems at path C:/Users/user-pc/Documents/GitHub/Match3FTUE/Assets
GfxDevice: creating device client; threaded=0; jobified=0
Direct3D:
    Version:  Direct3D 11.0 [level 11.1]
    Renderer: NVIDIA GeForce GT 1030 (ID=0x1d01)
    Vendor:   NVIDIA
    VRAM:     1982 MB
    Driver:   27.21.14.5671
Initialize mono
Mono path[0] = 'C:/Program Files/Unity/Hub/Editor/2021.1.4f1/Editor/Data/Managed'
Mono path[1] = 'C:/Program Files/Unity/Hub/Editor/2021.1.4f1/Editor/Data/MonoBleedingEdge/lib/mono/unityjit'
Mono config path = 'C:/Program Files/Unity/Hub/Editor/2021.1.4f1/Editor/Data/MonoBleedingEdge/etc'
Using monoOptions --debugger-agent=transport=dt_socket,embedding=1,server=y,suspend=n,address=127.0.0.1:56188
Begin MonoManager ReloadAssembly
Registering precompiled unity dll's ...
Register platform support module: C:/Program Files/Unity/Hub/Editor/2021.1.4f1/Editor/Data/PlaybackEngines/WindowsStandaloneSupport/UnityEditor.WindowsStandalone.Extensions.dll
Registered in 0.001950 seconds.
Native extension for WindowsStandalone target not found
Refreshing native plugins compatible for Editor in 107.39 ms, found 2 plugins.
Preloading 0 native plugins for Editor in 0.00 ms.
Mono: successfully reloaded assembly
- Completed reload, in  1.293 seconds
Platform modules already initialized, skipping
Registering precompiled user dll's ...
Registered in 0.003569 seconds.
Begin MonoManager ReloadAssembly
Native extension for WindowsStandalone target not found
Refreshing native plugins compatible for Editor in 100.68 ms, found 2 plugins.
Preloading 0 native plugins for Editor in 0.00 ms.
Mono: successfully reloaded assembly
- Completed reload, in  1.122 seconds
Platform modules already initialized, skipping
========================================================================
Worker process is ready to serve import requests
Launched and connected shader compiler UnityShaderCompiler.exe after 0.07 seconds
Refreshing native plugins compatible for Editor in 0.59 ms, found 2 plugins.
Preloading 0 native plugins for Editor in 0.00 ms.
Unloading 3376 Unused Serialized files (Serialized files now loaded: 0)
System memory in use before: 200.7 MB.
System memory in use after: 200.7 MB.

Unloading 29 unused Assets to reduce memory usage. Loaded Objects now: 3832.
Total: 2.544000 ms (FindLiveObjects: 0.319000 ms CreateObjectMapping: 0.196200 ms MarkObjects: 1.906900 ms  DeleteObjects: 0.120600 ms)

========================================================================
Received Import Request.
  path: Assets/Scripts/FindMatches.cs
  artifactKey: Guid(f3f53d85fd67c314d97a21a6cfbf2c57) Importer(815301076,1909f56bfc062723c751e8b465ee728b)
Start importing Assets/Scripts/FindMatches.cs using Guid(f3f53d85fd67c314d97a21a6cfbf2c57) Importer(815301076,1909f56bfc062723c751e8b465ee728b)  -> (artifact id: '69083c93f07c8ffddf9eeeb3bebc17e0') in 0.033024 seconds 
========================================================================
Received Import Request.
  Time since last request: 0.000215 seconds.
  path: Assets/Scripts
  artifactKey: Guid(1218a19f95c021343bbb8752fcc3d75a) Importer(815301076,1909f56bfc062723c751e8b465ee728b)
Start importing Assets/Scripts using Guid(1218a19f95c021343bbb8752fcc3d75a) Importer(815301076,1909f56bfc062723c751e8b465ee728b)  -> (artifact id: 'fe92080f8d07df7d644fe1860878680b') in 0.005540 seconds 
========================================================================
Received Prepare
Refreshing native plugins compatible for Editor in 3.35 ms, found 2 plugins.
Preloading 0 native plugins for Editor in 0.00 ms.
Unloading 15 Unused Serialized files (Serialized files now loaded: 0)
System memory in use before: 133.9 MB.
System memory in use after: 134.0 MB.

Unloading 15 unused Assets to reduce memory usage. Loaded Objects now: 3832.
Total: 2.806000 ms (FindLiveObjects: 0.280200 ms CreateObjectMapping: 0.193600 ms MarkObjects: 2.244000 ms  DeleteObjects: 0.087500 ms)

========================================================================
Received Import Request.
  Time since last request: 131.325089 seconds.
  path: Assets/Scripts/DestroyMatches.cs
  artifactKey: Guid(8ceee6c4698a5df459294c4bc2637d17) Importer(815301076,1909f56bfc062723c751e8b465ee728b)
Start importing Assets/Scripts/DestroyMatches.cs using Guid(8ceee6c4698a5df459294c4bc2637d17) Importer(815301076,1909f56bfc062723c751e8b465ee728b)  -> (artifact id: '654550746a59853a76dc7815192af302') in 0.007175 seconds 
========================================================================
Received Import Request.
  Time since last request: 21.078028 seconds.
  path: Assets/Scripts/Board.cs
  artifactKey: Guid(b5cd594a6c11bef4686f4a28589e5453) Importer(815301076,1909f56bfc062723c751e8b465ee728b)
Start importing Assets/Scripts/Board.cs using Guid(b5cd594a6c11bef4686f4a28589e5453) Importer(815301076,1909f56bfc062723c751e8b465ee728b)  -> (artifact id: '950a4d0a62fc8d6d1ee832cce453373e') in 0.007584 seconds 
========================================================================
Received Import Request.
  Time since last request: 3.797149 seconds.
  path: Assets/Scripts/Tile.cs
  artifactKey: Guid(f48bc7b07c87be441afdf7b25adf18ac) Importer(815301076,1909f56bfc062723c751e8b465ee728b)
Start importing Assets/Scripts/Tile.cs using Guid(f48bc7b07c87be441afdf7b25adf18ac) Importer(815301076,1909f56bfc062723c751e8b465ee728b)  -> (artifact id: '33fb36c138a96a946b9062225f951efb') in 0.006724 seconds 
========================================================================
Received Import Request.
  Time since last request: 3.445102 seconds.
  path: Assets/Scripts/HintsManager.cs
  artifactKey: Guid(54084fcd5013a684ba6fcec65ecd06bb) Importer(815301076,1909f56bfc062723c751e8b465ee728b)
Start importing Assets/Scripts/HintsManager.cs using Guid(54084fcd5013a684ba6fcec65ecd06bb) Importer(815301076,1909f56bfc062723c751e8b465ee728b)  -> (artifact id: 'ff76e172b35b6356f2edaf2fa53f26d0') in 0.007589 seconds 
========================================================================
Received Import Request.
  Time since last request: 3.322789 seconds.
  path: Assets/Scripts/GameManager.cs
  artifactKey: Guid(1053b7c983ff4584bb554bf4e59d1842) Importer(815301076,1909f56bfc062723c751e8b465ee728b)
Start importing Assets/Scripts/GameManager.cs using Guid(1053b7c983ff4584bb554bf4e59d1842) Importer(815301076,1909f56bfc062723c751e8b465ee728b)  -> (artifact id: '672a8d56331e987f4bdd982f35ae20bd') in 0.006939 seconds 
========================================================================
Received Prepare
Registering precompiled user dll's ...
Registered in 0.003119 seconds.
Begin MonoManager ReloadAssembly
Native extension for WindowsStandalone target not found
Refreshing native plugins compatible for Editor in 0.59 ms, found 2 plugins.
Preloading 0 native plugins for Editor in 0.00 ms.
Mono: successfully reloaded assembly
- Completed reload, in  0.893 seconds
Platform modules already initialized, skipping
Refreshing native plugins compatible for Editor in 0.58 ms, found 2 plugins.
Preloading 0 native plugins for Editor in 0.00 ms.
Unloading 3371 Unused Serialized files (Serialized files now loaded: 0)
System memory in use before: 200.7 MB.
System memory in use after: 200.8 MB.

Unloading 17 unused Assets to reduce memory usage. Loaded Objects now: 3836.
Total: 2.295100 ms (FindLiveObjects: 0.239400 ms CreateObjectMapping: 0.152800 ms MarkObjects: 1.811800 ms  DeleteObjects: 0.090500 ms)

========================================================================
Received Prepare
Registering precompiled user dll's ...
Registered in 0.003559 seconds.
Begin MonoManager ReloadAssembly
Native extension for WindowsStandalone target not found
Refreshing native plugins compatible for Editor in 0.64 ms, found 2 plugins.
Preloading 0 native plugins for Editor in 0.00 ms.
Mono: successfully reloaded assembly
- Completed reload, in  0.938 seconds
Platform modules already initialized, skipping
Refreshing native plugins compatible for Editor in 0.61 ms, found 2 plugins.
Preloading 0 native plugins for Editor in 0.00 ms.
Unloading 3371 Unused Serialized files (Serialized files now loaded: 0)
System memory in use before: 200.7 MB.
System memory in use after: 200.8 MB.

Unloading 17 unused Assets to reduce memory usage. Loaded Objects now: 3840.
Total: 2.504500 ms (FindLiveObjects: 0.303700 ms CreateObjectMapping: 0.173400 ms MarkObjects: 1.916000 ms  DeleteObjects: 0.110600 ms)

========================================================================
Received Prepare
Registering precompiled user dll's ...
Registered in 0.003085 seconds.
Begin MonoManager ReloadAssembly
Native extension for WindowsStandalone target not found
Refreshing native plugins compatible for Editor in 0.58 ms, found 2 plugins.
Preloading 0 native plugins for Editor in 0.00 ms.
Mono: successfully reloaded assembly
- Completed reload, in  0.888 seconds
Platform modules already initialized, skipping
Refreshing native plugins compatible for Editor in 0.60 ms, found 2 plugins.
Preloading 0 native plugins for Editor in 0.00 ms.
Unloading 3371 Unused Serialized files (Serialized files now loaded: 0)
System memory in use before: 200.8 MB.
System memory in use after: 200.9 MB.

Unloading 17 unused Assets to reduce memory usage. Loaded Objects now: 3844.
Total: 2.203300 ms (FindLiveObjects: 0.251100 ms CreateObjectMapping: 0.162600 ms MarkObjects: 1.699200 ms  DeleteObjects: 0.089600 ms)

========================================================================
Received Prepare
Registering precompiled user dll's ...
Registered in 0.003603 seconds.
Begin MonoManager ReloadAssembly
Native extension for WindowsStandalone target not found
Refreshing native plugins compatible for Editor in 0.83 ms, found 2 plugins.
Preloading 0 native plugins for Editor in 0.00 ms.
Mono: successfully reloaded assembly
- Completed reload, in  0.935 seconds
Platform modules already initialized, skipping
Refreshing native plugins compatible for Editor in 0.59 ms, found 2 plugins.
Preloading 0 native plugins for Editor in 0.00 ms.
Unloading 3371 Unused Serialized files (Serialized files now loaded: 0)
System memory in use before: 200.8 MB.
System memory in use after: 200.9 MB.

Unloading 17 unused Assets to reduce memory usage. Loaded Objects now: 3848.
Total: 2.716400 ms (FindLiveObjects: 0.337800 ms CreateObjectMapping: 0.214400 ms MarkObjects: 2.072000 ms  DeleteObjects: 0.090900 ms)

========================================================================
Received Prepare
Registering precompiled user dll's ...
Registered in 0.003271 seconds.
Begin MonoManager ReloadAssembly
Native extension for WindowsStandalone target not found
Refreshing native plugins compatible for Editor in 0.61 ms, found 2 plugins.
Preloading 0 native plugins for Editor in 0.00 ms.
Mono: successfully reloaded assembly
- Completed reload, in  0.886 seconds
Platform modules already initialized, skipping
Refreshing native plugins compatible for Editor in 0.59 ms, found 2 plugins.
Preloading 0 native plugins for Editor in 0.00 ms.
Unloading 3371 Unused Serialized files (Serialized files now loaded: 0)
System memory in use before: 200.8 MB.
System memory in use after: 200.9 MB.

Unloading 17 unused Assets to reduce memory usage. Loaded Objects now: 3852.
Total: 2.358600 ms (FindLiveObjects: 0.275800 ms CreateObjectMapping: 0.155000 ms MarkObjects: 1.836200 ms  DeleteObjects: 0.090600 ms)

========================================================================
Received Prepare
Registering precompiled user dll's ...
Registered in 0.003642 seconds.
Begin MonoManager ReloadAssembly
Native extension for WindowsStandalone target not found
Refreshing native plugins compatible for Editor in 0.62 ms, found 2 plugins.
Preloading 0 native plugins for Editor in 0.00 ms.
Mono: successfully reloaded assembly
- Completed reload, in  0.985 seconds
Platform modules already initialized, skipping
Refreshing native plugins compatible for Editor in 0.61 ms, found 2 plugins.
Preloading 0 native plugins for Editor in 0.00 ms.
Unloading 3371 Unused Serialized files (Serialized files now loaded: 0)
System memory in use before: 200.8 MB.
System memory in use after: 200.9 MB.

Unloading 17 unused Assets to reduce memory usage. Loaded Objects now: 3856.
Total: 2.161900 ms (FindLiveObjects: 0.222600 ms CreateObjectMapping: 0.130900 ms MarkObjects: 1.727500 ms  DeleteObjects: 0.080100 ms)

========================================================================
Received Import Request.
  Time since last request: 3036.325568 seconds.
  path: Assets/Art Assets/Rectangle 60.png
  artifactKey: Guid(444e1f3c7d9c27740a1a25d43d665eb4) Importer(815301076,1909f56bfc062723c751e8b465ee728b)
Start importing Assets/Art Assets/Rectangle 60.png using Guid(444e1f3c7d9c27740a1a25d43d665eb4) Importer(815301076,1909f56bfc062723c751e8b465ee728b)  -> (artifact id: '32f9fc4c789d1dfa25beb032285e279c') in 0.132943 seconds 
========================================================================
Received Import Request.
  Time since last request: 0.969795 seconds.
  path: Assets/Art Assets/Rectangle 59.png
  artifactKey: Guid(e16536d302d026f449fbf31d275eb0b3) Importer(815301076,1909f56bfc062723c751e8b465ee728b)
Start importing Assets/Art Assets/Rectangle 59.png using Guid(e16536d302d026f449fbf31d275eb0b3) Importer(815301076,1909f56bfc062723c751e8b465ee728b)  -> (artifact id: '2a7f3d183228a3400753100b70fe00db') in 0.020471 seconds 
========================================================================
Received Import Request.
  Time since last request: 1.668701 seconds.
  path: Assets/Art Assets/next-arrow.png
  artifactKey: Guid(9e697010d1895d847979be227d9b3697) Importer(815301076,1909f56bfc062723c751e8b465ee728b)
Start importing Assets/Art Assets/next-arrow.png using Guid(9e697010d1895d847979be227d9b3697) Importer(815301076,1909f56bfc062723c751e8b465ee728b)  -> (artifact id: '06a37a1a53cdbc8c7a99cfb3fbe99991') in 0.026768 seconds 
========================================================================
Received Import Request.
  Time since last request: 0.663800 seconds.
  path: Assets/Art Assets/multiple bubbles.mp3
  artifactKey: Guid(5c4a0a84b5d879f43b1e54a951cad21c) Importer(815301076,1909f56bfc062723c751e8b465ee728b)
Start importing Assets/Art Assets/multiple bubbles.mp3 using Guid(5c4a0a84b5d879f43b1e54a951cad21c) Importer(815301076,1909f56bfc062723c751e8b465ee728b)  -> (artifact id: 'a162d1af5e0d84ea51fb820ab48e593f') in 0.036947 seconds 
========================================================================
Received Import Request.
  Time since last request: 0.484659 seconds.
  path: Assets/Art Assets/level2background.png
  artifactKey: Guid(c862eda97a01e9346823f60709d92777) Importer(815301076,1909f56bfc062723c751e8b465ee728b)
Start importing Assets/Art Assets/level2background.png using Guid(c862eda97a01e9346823f60709d92777) Importer(815301076,1909f56bfc062723c751e8b465ee728b)  -> (artifact id: 'bc2564ea8b63c982935c258c3a566179') in 0.023447 seconds 
========================================================================
Received Import Request.
  Time since last request: 0.442054 seconds.
  path: Assets/Art Assets/level 1 grid.png
  artifactKey: Guid(b263695691e601d4998fe5726ee9bcc3) Importer(815301076,1909f56bfc062723c751e8b465ee728b)
Start importing Assets/Art Assets/level 1 grid.png using Guid(b263695691e601d4998fe5726ee9bcc3) Importer(815301076,1909f56bfc062723c751e8b465ee728b)  -> (artifact id: '561c3cff0f85ea0dce42ac556f798b70') in 0.016254 seconds 
========================================================================
Received Import Request.
  Time since last request: 0.398650 seconds.
  path: Assets/Art Assets/green-diamod.png
  artifactKey: Guid(f7f40670e56371b4c9f911b78983c91c) Importer(815301076,1909f56bfc062723c751e8b465ee728b)
Start importing Assets/Art Assets/green-diamod.png using Guid(f7f40670e56371b4c9f911b78983c91c) Importer(815301076,1909f56bfc062723c751e8b465ee728b)  -> (artifact id: '064138b529335f5c222ddcc899d70802') in 0.018497 seconds 
========================================================================
Received Import Request.
  Time since last request: 0.512129 seconds.
  path: Assets/Art Assets/Ellipse 1.png
  artifactKey: Guid(e7fdac5f44804c34bb8f27fc744e69c9) Importer(815301076,1909f56bfc062723c751e8b465ee728b)
Start importing Assets/Art Assets/Ellipse 1.png using Guid(e7fdac5f44804c34bb8f27fc744e69c9) Importer(815301076,1909f56bfc062723c751e8b465ee728b)  -> (artifact id: 'f295609449ccc210f5813a26d222b0a8') in 0.016744 seconds 
========================================================================
Received Import Request.
  Time since last request: 0.377038 seconds.
  path: Assets/Art Assets/column-arrow.png
  artifactKey: Guid(4b97bb863d841d2408b7d4244fb541e4) Importer(815301076,1909f56bfc062723c751e8b465ee728b)
Start importing Assets/Art Assets/column-arrow.png using Guid(4b97bb863d841d2408b7d4244fb541e4) Importer(815301076,1909f56bfc062723c751e8b465ee728b)  -> (artifact id: '4e01f6041c9f8037b3ab23d8cfe0f79f') in 0.015575 seconds 
========================================================================
Received Import Request.
  Time since last request: 0.508873 seconds.
  path: Assets/Art Assets/colorBomb.png
  artifactKey: Guid(b3ae7ffb533112e4cbaf5c3c84bdafe0) Importer(815301076,1909f56bfc062723c751e8b465ee728b)
Start importing Assets/Art Assets/colorBomb.png using Guid(b3ae7ffb533112e4cbaf5c3c84bdafe0) Importer(815301076,1909f56bfc062723c751e8b465ee728b)  -> (artifact id: '5fc04bbc3660e5a3b4bd065efe291c15') in 0.014527 seconds 
========================================================================
Received Import Request.
  Time since last request: 0.432351 seconds.
  path: Assets/Art Assets/Bubble Pop Sound Effect.mp3
  artifactKey: Guid(96b7198935cd7a64ca831f4065ffc7e9) Importer(815301076,1909f56bfc062723c751e8b465ee728b)
Start importing Assets/Art Assets/Bubble Pop Sound Effect.mp3 using Guid(96b7198935cd7a64ca831f4065ffc7e9) Importer(815301076,1909f56bfc062723c751e8b465ee728b)  -> (artifact id: '76aa35326fa4b97df76f488898d066e9') in 0.012652 seconds 
========================================================================
Received Import Request.
  Time since last request: 0.605152 seconds.
  path: Assets/Art Assets/blue-squiggle.png
  artifactKey: Guid(a2f16abea0b28c446b45095d8caa880c) Importer(815301076,1909f56bfc062723c751e8b465ee728b)
Start importing Assets/Art Assets/blue-squiggle.png using Guid(a2f16abea0b28c446b45095d8caa880c) Importer(815301076,1909f56bfc062723c751e8b465ee728b)  -> (artifact id: 'cd12f997cb8b9a8eaa2c7e12d577db77') in 0.015739 seconds 
========================================================================
Received Import Request.
  Time since last request: 1.033321 seconds.
  path: Assets/Art Assets/tick.png
  artifactKey: Guid(e016d27859f4c9b4780004033c7c52da) Importer(815301076,1909f56bfc062723c751e8b465ee728b)
Start importing Assets/Art Assets/tick.png using Guid(e016d27859f4c9b4780004033c7c52da) Importer(815301076,1909f56bfc062723c751e8b465ee728b)  -> (artifact id: '1ce5005964c141fe156a6d9720c436af') in 0.017576 seconds 
========================================================================
Received Import Request.
  Time since last request: 32.089779 seconds.
  path: Assets/Art Assets/Group 36.png
  artifactKey: Guid(759434bd352bde34ca58df6817c051d8) Importer(815301076,1909f56bfc062723c751e8b465ee728b)
Start importing Assets/Art Assets/Group 36.png using Guid(759434bd352bde34ca58df6817c051d8) Importer(815301076,1909f56bfc062723c751e8b465ee728b)  -> (artifact id: 'baee0d1e7640f8cc8ff4d18eecde6924') in 0.015950 seconds 
========================================================================
Received Prepare
Registering precompiled user dll's ...
Registered in 0.003226 seconds.
Begin MonoManager ReloadAssembly
Native extension for WindowsStandalone target not found
Refreshing native plugins compatible for Editor in 0.60 ms, found 2 plugins.
Preloading 0 native plugins for Editor in 0.00 ms.
Mono: successfully reloaded assembly
- Completed reload, in  0.913 seconds
Platform modules already initialized, skipping
Refreshing native plugins compatible for Editor in 0.58 ms, found 2 plugins.
Preloading 0 native plugins for Editor in 0.00 ms.
Unloading 3383 Unused Serialized files (Serialized files now loaded: 0)
System memory in use before: 213.7 MB.
System memory in use after: 213.8 MB.

Unloading 17 unused Assets to reduce memory usage. Loaded Objects now: 4072.
Total: 2.442900 ms (FindLiveObjects: 0.270500 ms CreateObjectMapping: 0.175100 ms MarkObjects: 1.905200 ms  DeleteObjects: 0.091200 ms)

========================================================================
Received Prepare
Registering precompiled user dll's ...
Registered in 0.003030 seconds.
Begin MonoManager ReloadAssembly
Native extension for WindowsStandalone target not found
Refreshing native plugins compatible for Editor in 0.59 ms, found 2 plugins.
Preloading 0 native plugins for Editor in 0.00 ms.
Mono: successfully reloaded assembly
- Completed reload, in  0.877 seconds
Platform modules already initialized, skipping
Refreshing native plugins compatible for Editor in 0.60 ms, found 2 plugins.
Preloading 0 native plugins for Editor in 0.00 ms.
Unloading 3371 Unused Serialized files (Serialized files now loaded: 0)
System memory in use before: 213.2 MB.
System memory in use after: 213.3 MB.

Unloading 17 unused Assets to reduce memory usage. Loaded Objects now: 4076.
Total: 2.336100 ms (FindLiveObjects: 0.269500 ms CreateObjectMapping: 0.144300 ms MarkObjects: 1.833800 ms  DeleteObjects: 0.087600 ms)

========================================================================
Received Prepare
Registering precompiled user dll's ...
Registered in 0.003102 seconds.
Begin MonoManager ReloadAssembly
Native extension for WindowsStandalone target not found
Refreshing native plugins compatible for Editor in 0.61 ms, found 2 plugins.
Preloading 0 native plugins for Editor in 0.00 ms.
Mono: successfully reloaded assembly
- Completed reload, in  0.876 seconds
Platform modules already initialized, skipping
Refreshing native plugins compatible for Editor in 0.59 ms, found 2 plugins.
Preloading 0 native plugins for Editor in 0.00 ms.
Unloading 3371 Unused Serialized files (Serialized files now loaded: 0)
System memory in use before: 213.2 MB.
System memory in use after: 213.3 MB.

Unloading 17 unused Assets to reduce memory usage. Loaded Objects now: 4080.
Total: 2.386600 ms (FindLiveObjects: 0.255700 ms CreateObjectMapping: 0.153900 ms MarkObjects: 1.887300 ms  DeleteObjects: 0.088700 ms)

========================================================================
Received Prepare
Registering precompiled user dll's ...
Registered in 0.003107 seconds.
Begin MonoManager ReloadAssembly
Native extension for WindowsStandalone target not found
Refreshing native plugins compatible for Editor in 0.62 ms, found 2 plugins.
Preloading 0 native plugins for Editor in 0.00 ms.
Mono: successfully reloaded assembly
- Completed reload, in  0.873 seconds
Platform modules already initialized, skipping
Refreshing native plugins compatible for Editor in 0.60 ms, found 2 plugins.
Preloading 0 native plugins for Editor in 0.00 ms.
Unloading 3371 Unused Serialized files (Serialized files now loaded: 0)
System memory in use before: 213.2 MB.
System memory in use after: 213.3 MB.

Unloading 17 unused Assets to reduce memory usage. Loaded Objects now: 4084.
Total: 2.623200 ms (FindLiveObjects: 0.301500 ms CreateObjectMapping: 0.250000 ms MarkObjects: 1.951100 ms  DeleteObjects: 0.119500 ms)

========================================================================
Received Prepare
Registering precompiled user dll's ...
Registered in 0.003100 seconds.
Begin MonoManager ReloadAssembly
Native extension for WindowsStandalone target not found
Refreshing native plugins compatible for Editor in 0.58 ms, found 2 plugins.
Preloading 0 native plugins for Editor in 0.00 ms.
Mono: successfully reloaded assembly
- Completed reload, in  0.887 seconds
Platform modules already initialized, skipping
Refreshing native plugins compatible for Editor in 0.58 ms, found 2 plugins.
Preloading 0 native plugins for Editor in 0.00 ms.
Unloading 3371 Unused Serialized files (Serialized files now loaded: 0)
System memory in use before: 213.2 MB.
System memory in use after: 213.3 MB.

Unloading 17 unused Assets to reduce memory usage. Loaded Objects now: 4088.
Total: 2.476400 ms (FindLiveObjects: 0.252100 ms CreateObjectMapping: 0.145300 ms MarkObjects: 1.996100 ms  DeleteObjects: 0.081900 ms)

========================================================================
Received Import Request.
  Time since last request: 634.725127 seconds.
  path: Assets/Animations/LEVEL2
  artifactKey: Guid(a2bfd5643bb6dd84bae18247183fe38c) Importer(815301076,1909f56bfc062723c751e8b465ee728b)
Start importing Assets/Animations/LEVEL2 using Guid(a2bfd5643bb6dd84bae18247183fe38c) Importer(815301076,1909f56bfc062723c751e8b465ee728b)  -> (artifact id: '0efddd51969079b279025e0f2e25d7cb') in 0.011011 seconds 
========================================================================
Received Prepare
Registering precompiled user dll's ...
Registered in 0.003073 seconds.
Begin MonoManager ReloadAssembly
Native extension for WindowsStandalone target not found
Refreshing native plugins compatible for Editor in 0.60 ms, found 2 plugins.
Preloading 0 native plugins for Editor in 0.00 ms.
Mono: successfully reloaded assembly
- Completed reload, in  0.878 seconds
Platform modules already initialized, skipping
Refreshing native plugins compatible for Editor in 0.60 ms, found 2 plugins.
Preloading 0 native plugins for Editor in 0.00 ms.
Unloading 3371 Unused Serialized files (Serialized files now loaded: 0)
System memory in use before: 213.2 MB.
System memory in use after: 213.3 MB.

Unloading 17 unused Assets to reduce memory usage. Loaded Objects now: 4092.
Total: 2.575700 ms (FindLiveObjects: 0.335200 ms CreateObjectMapping: 0.161600 ms MarkObjects: 1.983100 ms  DeleteObjects: 0.094800 ms)

========================================================================
Received Prepare
Registering precompiled user dll's ...
Registered in 0.003184 seconds.
Begin MonoManager ReloadAssembly
Native extension for WindowsStandalone target not found
Refreshing native plugins compatible for Editor in 0.60 ms, found 2 plugins.
Preloading 0 native plugins for Editor in 0.00 ms.
Mono: successfully reloaded assembly
- Completed reload, in  0.882 seconds
Platform modules already initialized, skipping
Refreshing native plugins compatible for Editor in 0.58 ms, found 2 plugins.
Preloading 0 native plugins for Editor in 0.00 ms.
Unloading 3371 Unused Serialized files (Serialized files now loaded: 0)
System memory in use before: 213.3 MB.
System memory in use after: 213.4 MB.

Unloading 17 unused Assets to reduce memory usage. Loaded Objects now: 4096.
Total: 2.546400 ms (FindLiveObjects: 0.311000 ms CreateObjectMapping: 0.203900 ms MarkObjects: 1.927800 ms  DeleteObjects: 0.102900 ms)

========================================================================
Received Prepare
Registering precompiled user dll's ...
Registered in 0.003059 seconds.
Begin MonoManager ReloadAssembly
Native extension for WindowsStandalone target not found
Refreshing native plugins compatible for Editor in 0.60 ms, found 2 plugins.
Preloading 0 native plugins for Editor in 0.00 ms.
Mono: successfully reloaded assembly
- Completed reload, in  0.895 seconds
Platform modules already initialized, skipping
Refreshing native plugins compatible for Editor in 0.64 ms, found 2 plugins.
Preloading 0 native plugins for Editor in 0.00 ms.
Unloading 3371 Unused Serialized files (Serialized files now loaded: 0)
System memory in use before: 213.3 MB.
System memory in use after: 213.4 MB.

Unloading 17 unused Assets to reduce memory usage. Loaded Objects now: 4100.
Total: 2.416200 ms (FindLiveObjects: 0.271000 ms CreateObjectMapping: 0.150500 ms MarkObjects: 1.890300 ms  DeleteObjects: 0.103700 ms)

========================================================================
Received Prepare
Registering precompiled user dll's ...
Registered in 0.003095 seconds.
Begin MonoManager ReloadAssembly
Native extension for WindowsStandalone target not found
Refreshing native plugins compatible for Editor in 0.59 ms, found 2 plugins.
Preloading 0 native plugins for Editor in 0.00 ms.
Mono: successfully reloaded assembly
- Completed reload, in  0.915 seconds
Platform modules already initialized, skipping
Refreshing native plugins compatible for Editor in 0.60 ms, found 2 plugins.
Preloading 0 native plugins for Editor in 0.00 ms.
Unloading 3371 Unused Serialized files (Serialized files now loaded: 0)
System memory in use before: 213.3 MB.
System memory in use after: 213.4 MB.

Unloading 17 unused Assets to reduce memory usage. Loaded Objects now: 4104.
Total: 2.795600 ms (FindLiveObjects: 0.399500 ms CreateObjectMapping: 0.318800 ms MarkObjects: 1.982400 ms  DeleteObjects: 0.093900 ms)

========================================================================
Received Prepare
Registering precompiled user dll's ...
Registered in 0.003075 seconds.
Begin MonoManager ReloadAssembly
Native extension for WindowsStandalone target not found
Refreshing native plugins compatible for Editor in 0.59 ms, found 2 plugins.
Preloading 0 native plugins for Editor in 0.00 ms.
Mono: successfully reloaded assembly
- Completed reload, in  0.900 seconds
Platform modules already initialized, skipping
Refreshing native plugins compatible for Editor in 0.61 ms, found 2 plugins.
Preloading 0 native plugins for Editor in 0.00 ms.
Unloading 3371 Unused Serialized files (Serialized files now loaded: 0)
System memory in use before: 213.3 MB.
System memory in use after: 213.4 MB.

Unloading 17 unused Assets to reduce memory usage. Loaded Objects now: 4108.
Total: 2.412100 ms (FindLiveObjects: 0.260700 ms CreateObjectMapping: 0.155900 ms MarkObjects: 1.905900 ms  DeleteObjects: 0.088800 ms)

========================================================================
Received Prepare
Registering precompiled user dll's ...
Registered in 0.003100 seconds.
Begin MonoManager ReloadAssembly
Native extension for WindowsStandalone target not found
Refreshing native plugins compatible for Editor in 0.59 ms, found 2 plugins.
Preloading 0 native plugins for Editor in 0.00 ms.
Mono: successfully reloaded assembly
- Completed reload, in  0.892 seconds
Platform modules already initialized, skipping
Refreshing native plugins compatible for Editor in 0.58 ms, found 2 plugins.
Preloading 0 native plugins for Editor in 0.00 ms.
Unloading 3371 Unused Serialized files (Serialized files now loaded: 0)
System memory in use before: 213.3 MB.
System memory in use after: 213.4 MB.

Unloading 17 unused Assets to reduce memory usage. Loaded Objects now: 4112.
Total: 2.981700 ms (FindLiveObjects: 0.284000 ms CreateObjectMapping: 0.167900 ms MarkObjects: 2.413300 ms  DeleteObjects: 0.115500 ms)

========================================================================
Received Prepare
Registering precompiled user dll's ...
Registered in 0.003529 seconds.
Begin MonoManager ReloadAssembly
Native extension for WindowsStandalone target not found
Refreshing native plugins compatible for Editor in 0.62 ms, found 2 plugins.
Preloading 0 native plugins for Editor in 0.00 ms.
Mono: successfully reloaded assembly
- Completed reload, in  0.891 seconds
Platform modules already initialized, skipping
Refreshing native plugins compatible for Editor in 0.58 ms, found 2 plugins.
Preloading 0 native plugins for Editor in 0.00 ms.
Unloading 3371 Unused Serialized files (Serialized files now loaded: 0)
System memory in use before: 213.3 MB.
System memory in use after: 213.4 MB.

Unloading 17 unused Assets to reduce memory usage. Loaded Objects now: 4116.
Total: 2.410600 ms (FindLiveObjects: 0.285100 ms CreateObjectMapping: 0.153200 ms MarkObjects: 1.887900 ms  DeleteObjects: 0.083500 ms)

========================================================================
Received Prepare
Registering precompiled user dll's ...
Registered in 0.003121 seconds.
Begin MonoManager ReloadAssembly
Native extension for WindowsStandalone target not found
Refreshing native plugins compatible for Editor in 0.69 ms, found 2 plugins.
Preloading 0 native plugins for Editor in 0.00 ms.
Mono: successfully reloaded assembly
- Completed reload, in  0.934 seconds
Platform modules already initialized, skipping
Refreshing native plugins compatible for Editor in 0.63 ms, found 2 plugins.
Preloading 0 native plugins for Editor in 0.00 ms.
Unloading 3371 Unused Serialized files (Serialized files now loaded: 0)
System memory in use before: 213.4 MB.
System memory in use after: 213.5 MB.

Unloading 17 unused Assets to reduce memory usage. Loaded Objects now: 4120.
Total: 2.593000 ms (FindLiveObjects: 0.268500 ms CreateObjectMapping: 0.167600 ms MarkObjects: 2.060300 ms  DeleteObjects: 0.095600 ms)

========================================================================
Received Prepare
Registering precompiled user dll's ...
Registered in 0.004007 seconds.
Begin MonoManager ReloadAssembly
Native extension for WindowsStandalone target not found
Refreshing native plugins compatible for Editor in 0.74 ms, found 2 plugins.
Preloading 0 native plugins for Editor in 0.00 ms.
Mono: successfully reloaded assembly
- Completed reload, in  0.922 seconds
Platform modules already initialized, skipping
Refreshing native plugins compatible for Editor in 0.62 ms, found 2 plugins.
Preloading 0 native plugins for Editor in 0.00 ms.
Unloading 3371 Unused Serialized files (Serialized files now loaded: 0)
System memory in use before: 213.4 MB.
System memory in use after: 213.5 MB.

Unloading 17 unused Assets to reduce memory usage. Loaded Objects now: 4124.
Total: 2.422600 ms (FindLiveObjects: 0.274600 ms CreateObjectMapping: 0.150200 ms MarkObjects: 1.905400 ms  DeleteObjects: 0.091100 ms)

========================================================================
Received Import Request.
  Time since last request: 2636.637587 seconds.
  path: Assets/Animations/LEVEL2/BLUE-HINT-1.anim
  artifactKey: Guid(701543bfee1b486429bea47780974f65) Importer(815301076,1909f56bfc062723c751e8b465ee728b)
Start importing Assets/Animations/LEVEL2/BLUE-HINT-1.anim using Guid(701543bfee1b486429bea47780974f65) Importer(815301076,1909f56bfc062723c751e8b465ee728b)  -> (artifact id: 'e237b1dc203f16fd1058c86c8c38ba06') in 0.024594 seconds 
========================================================================
Received Prepare
Registering precompiled user dll's ...
Registered in 0.003195 seconds.
Begin MonoManager ReloadAssembly
Native extension for WindowsStandalone target not found
Refreshing native plugins compatible for Editor in 0.65 ms, found 2 plugins.
Preloading 0 native plugins for Editor in 0.00 ms.
Mono: successfully reloaded assembly
- Completed reload, in  0.893 seconds
Platform modules already initialized, skipping
Refreshing native plugins compatible for Editor in 0.59 ms, found 2 plugins.
Preloading 0 native plugins for Editor in 0.00 ms.
Unloading 3371 Unused Serialized files (Serialized files now loaded: 0)
System memory in use before: 213.4 MB.
System memory in use after: 213.5 MB.

Unloading 17 unused Assets to reduce memory usage. Loaded Objects now: 4128.
Total: 2.427400 ms (FindLiveObjects: 0.260600 ms CreateObjectMapping: 0.153700 ms MarkObjects: 1.927900 ms  DeleteObjects: 0.084100 ms)

========================================================================
Received Prepare
Registering precompiled user dll's ...
Registered in 0.003184 seconds.
Begin MonoManager ReloadAssembly
Native extension for WindowsStandalone target not found
Refreshing native plugins compatible for Editor in 0.60 ms, found 2 plugins.
Preloading 0 native plugins for Editor in 0.00 ms.
Mono: successfully reloaded assembly
- Completed reload, in  0.906 seconds
Platform modules already initialized, skipping
Refreshing native plugins compatible for Editor in 0.60 ms, found 2 plugins.
Preloading 0 native plugins for Editor in 0.00 ms.
Unloading 3371 Unused Serialized files (Serialized files now loaded: 0)
System memory in use before: 213.4 MB.
System memory in use after: 213.5 MB.

Unloading 17 unused Assets to reduce memory usage. Loaded Objects now: 4132.
Total: 2.383400 ms (FindLiveObjects: 0.271900 ms CreateObjectMapping: 0.163200 ms MarkObjects: 1.859100 ms  DeleteObjects: 0.088300 ms)

========================================================================
Received Prepare
Registering precompiled user dll's ...
Registered in 0.003220 seconds.
Begin MonoManager ReloadAssembly
Native extension for WindowsStandalone target not found
Refreshing native plugins compatible for Editor in 0.74 ms, found 2 plugins.
Preloading 0 native plugins for Editor in 0.00 ms.
Mono: successfully reloaded assembly
- Completed reload, in  1.028 seconds
Platform modules already initialized, skipping
Refreshing native plugins compatible for Editor in 0.65 ms, found 2 plugins.
Preloading 0 native plugins for Editor in 0.00 ms.
Unloading 3371 Unused Serialized files (Serialized files now loaded: 0)
System memory in use before: 213.4 MB.
System memory in use after: 213.5 MB.

Unloading 17 unused Assets to reduce memory usage. Loaded Objects now: 4136.
Total: 3.548000 ms (FindLiveObjects: 0.287700 ms CreateObjectMapping: 0.210800 ms MarkObjects: 2.951500 ms  DeleteObjects: 0.096900 ms)

========================================================================
Received Prepare
Registering precompiled user dll's ...
Registered in 0.003080 seconds.
Begin MonoManager ReloadAssembly
Native extension for WindowsStandalone target not found
Refreshing native plugins compatible for Editor in 0.62 ms, found 2 plugins.
Preloading 0 native plugins for Editor in 0.00 ms.
Mono: successfully reloaded assembly
- Completed reload, in  0.929 seconds
Platform modules already initialized, skipping
Refreshing native plugins compatible for Editor in 0.58 ms, found 2 plugins.
Preloading 0 native plugins for Editor in 0.00 ms.
Unloading 3371 Unused Serialized files (Serialized files now loaded: 0)
System memory in use before: 213.4 MB.
System memory in use after: 213.5 MB.

Unloading 17 unused Assets to reduce memory usage. Loaded Objects now: 4140.
Total: 2.512200 ms (FindLiveObjects: 0.261600 ms CreateObjectMapping: 0.177700 ms MarkObjects: 1.982300 ms  DeleteObjects: 0.089400 ms)

========================================================================
Received Prepare
Registering precompiled user dll's ...
Registered in 0.003083 seconds.
Begin MonoManager ReloadAssembly
Native extension for WindowsStandalone target not found
Refreshing native plugins compatible for Editor in 0.58 ms, found 2 plugins.
Preloading 0 native plugins for Editor in 0.00 ms.
Mono: successfully reloaded assembly
- Completed reload, in  0.911 seconds
Platform modules already initialized, skipping
Refreshing native plugins compatible for Editor in 0.58 ms, found 2 plugins.
Preloading 0 native plugins for Editor in 0.00 ms.
Unloading 3371 Unused Serialized files (Serialized files now loaded: 0)
System memory in use before: 213.4 MB.
System memory in use after: 213.5 MB.

Unloading 17 unused Assets to reduce memory usage. Loaded Objects now: 4144.
Total: 2.351900 ms (FindLiveObjects: 0.251400 ms CreateObjectMapping: 0.143800 ms MarkObjects: 1.866000 ms  DeleteObjects: 0.089900 ms)

========================================================================
Received Import Request.
  Time since last request: 350.062417 seconds.
  path: Assets/Scenes/Level1.unity
  artifactKey: Guid(2cda990e2423bbf4892e6590ba056729) Importer(815301076,1909f56bfc062723c751e8b465ee728b)
Start importing Assets/Scenes/Level1.unity using Guid(2cda990e2423bbf4892e6590ba056729) Importer(815301076,1909f56bfc062723c751e8b465ee728b)  -> (artifact id: '42675d04015659c2c76b78abfe6ae146') in 0.016472 seconds 
========================================================================
Received Prepare
Registering precompiled user dll's ...
Registered in 0.003269 seconds.
Begin MonoManager ReloadAssembly
Native extension for WindowsStandalone target not found
Refreshing native plugins compatible for Editor in 0.59 ms, found 2 plugins.
Preloading 0 native plugins for Editor in 0.00 ms.
Mono: successfully reloaded assembly
- Completed reload, in  0.934 seconds
Platform modules already initialized, skipping
Refreshing native plugins compatible for Editor in 0.61 ms, found 2 plugins.
Preloading 0 native plugins for Editor in 0.00 ms.
Unloading 3371 Unused Serialized files (Serialized files now loaded: 0)
System memory in use before: 213.4 MB.
System memory in use after: 213.5 MB.

Unloading 17 unused Assets to reduce memory usage. Loaded Objects now: 4148.
Total: 2.841000 ms (FindLiveObjects: 0.344500 ms CreateObjectMapping: 0.187300 ms MarkObjects: 2.220100 ms  DeleteObjects: 0.088300 ms)

========================================================================
Received Import Request.
  Time since last request: 126.706533 seconds.
  path: Assets/Scenes/Level1 1.unity
  artifactKey: Guid(89618fd66b49ed84880ab36fec6638ad) Importer(815301076,1909f56bfc062723c751e8b465ee728b)
Start importing Assets/Scenes/Level1 1.unity using Guid(89618fd66b49ed84880ab36fec6638ad) Importer(815301076,1909f56bfc062723c751e8b465ee728b)  -> (artifact id: 'd217a509350a0747332c667ca3ce7fc8') in 0.016595 seconds 
========================================================================
Received Prepare
Registering precompiled user dll's ...
Registered in 0.003172 seconds.
Begin MonoManager ReloadAssembly
Native extension for WindowsStandalone target not found
Refreshing native plugins compatible for Editor in 0.62 ms, found 2 plugins.
Preloading 0 native plugins for Editor in 0.00 ms.
Mono: successfully reloaded assembly
- Completed reload, in  0.919 seconds
Platform modules already initialized, skipping
Refreshing native plugins compatible for Editor in 0.66 ms, found 2 plugins.
Preloading 0 native plugins for Editor in 0.00 ms.
Unloading 3371 Unused Serialized files (Serialized files now loaded: 0)
System memory in use before: 213.5 MB.
System memory in use after: 213.6 MB.

Unloading 17 unused Assets to reduce memory usage. Loaded Objects now: 4152.
Total: 3.198600 ms (FindLiveObjects: 0.333900 ms CreateObjectMapping: 0.211900 ms MarkObjects: 2.552800 ms  DeleteObjects: 0.098600 ms)

========================================================================
Received Prepare
Registering precompiled user dll's ...
Registered in 0.003296 seconds.
Begin MonoManager ReloadAssembly
Native extension for WindowsStandalone target not found
Refreshing native plugins compatible for Editor in 0.59 ms, found 2 plugins.
Preloading 0 native plugins for Editor in 0.00 ms.
Mono: successfully reloaded assembly
- Completed reload, in  0.912 seconds
Platform modules already initialized, skipping
Refreshing native plugins compatible for Editor in 0.59 ms, found 2 plugins.
Preloading 0 native plugins for Editor in 0.00 ms.
Unloading 3371 Unused Serialized files (Serialized files now loaded: 0)
System memory in use before: 213.5 MB.
System memory in use after: 213.6 MB.

Unloading 17 unused Assets to reduce memory usage. Loaded Objects now: 4156.
Total: 2.301700 ms (FindLiveObjects: 0.256200 ms CreateObjectMapping: 0.146000 ms MarkObjects: 1.789800 ms  DeleteObjects: 0.108800 ms)

========================================================================
Received Prepare
Registering precompiled user dll's ...
Registered in 0.003063 seconds.
Begin MonoManager ReloadAssembly
Native extension for WindowsStandalone target not found
Refreshing native plugins compatible for Editor in 0.61 ms, found 2 plugins.
Preloading 0 native plugins for Editor in 0.00 ms.
Mono: successfully reloaded assembly
- Completed reload, in  0.913 seconds
Platform modules already initialized, skipping
Refreshing native plugins compatible for Editor in 0.58 ms, found 2 plugins.
Preloading 0 native plugins for Editor in 0.00 ms.
Unloading 3371 Unused Serialized files (Serialized files now loaded: 0)
System memory in use before: 213.5 MB.
System memory in use after: 213.6 MB.

Unloading 17 unused Assets to reduce memory usage. Loaded Objects now: 4160.
Total: 2.327500 ms (FindLiveObjects: 0.263500 ms CreateObjectMapping: 0.145500 ms MarkObjects: 1.830400 ms  DeleteObjects: 0.087500 ms)

========================================================================
Received Prepare
Registering precompiled user dll's ...
Registered in 0.003130 seconds.
Begin MonoManager ReloadAssembly
Native extension for WindowsStandalone target not found
Refreshing native plugins compatible for Editor in 0.61 ms, found 2 plugins.
Preloading 0 native plugins for Editor in 0.00 ms.
Mono: successfully reloaded assembly
- Completed reload, in  0.906 seconds
Platform modules already initialized, skipping
Refreshing native plugins compatible for Editor in 0.60 ms, found 2 plugins.
Preloading 0 native plugins for Editor in 0.00 ms.
Unloading 3371 Unused Serialized files (Serialized files now loaded: 0)
System memory in use before: 213.5 MB.
System memory in use after: 213.6 MB.

Unloading 17 unused Assets to reduce memory usage. Loaded Objects now: 4164.
Total: 2.475300 ms (FindLiveObjects: 0.279800 ms CreateObjectMapping: 0.175500 ms MarkObjects: 1.931100 ms  DeleteObjects: 0.087900 ms)

========================================================================
Received Prepare
Registering precompiled user dll's ...
Registered in 0.003085 seconds.
Begin MonoManager ReloadAssembly
Native extension for WindowsStandalone target not found
Refreshing native plugins compatible for Editor in 0.66 ms, found 2 plugins.
Preloading 0 native plugins for Editor in 0.00 ms.
Mono: successfully reloaded assembly
- Completed reload, in  0.883 seconds
Platform modules already initialized, skipping
Refreshing native plugins compatible for Editor in 0.59 ms, found 2 plugins.
Preloading 0 native plugins for Editor in 0.00 ms.
Unloading 3371 Unused Serialized files (Serialized files now loaded: 0)
System memory in use before: 213.5 MB.
System memory in use after: 213.6 MB.

Unloading 17 unused Assets to reduce memory usage. Loaded Objects now: 4168.
Total: 2.338100 ms (FindLiveObjects: 0.254300 ms CreateObjectMapping: 0.154600 ms MarkObjects: 1.844700 ms  DeleteObjects: 0.083800 ms)

========================================================================
Received Prepare
Registering precompiled user dll's ...
Registered in 0.003587 seconds.
Begin MonoManager ReloadAssembly
Native extension for WindowsStandalone target not found
Refreshing native plugins compatible for Editor in 0.82 ms, found 2 plugins.
Preloading 0 native plugins for Editor in 0.00 ms.
Mono: successfully reloaded assembly
- Completed reload, in  0.916 seconds
Platform modules already initialized, skipping
Refreshing native plugins compatible for Editor in 0.60 ms, found 2 plugins.
Preloading 0 native plugins for Editor in 0.00 ms.
Unloading 3371 Unused Serialized files (Serialized files now loaded: 0)
System memory in use before: 213.5 MB.
System memory in use after: 213.6 MB.

Unloading 17 unused Assets to reduce memory usage. Loaded Objects now: 4172.
Total: 2.323500 ms (FindLiveObjects: 0.269000 ms CreateObjectMapping: 0.170100 ms MarkObjects: 1.798100 ms  DeleteObjects: 0.085200 ms)

========================================================================
Received Prepare
Registering precompiled user dll's ...
Registered in 0.003241 seconds.
Begin MonoManager ReloadAssembly
Native extension for WindowsStandalone target not found
Refreshing native plugins compatible for Editor in 0.67 ms, found 2 plugins.
Preloading 0 native plugins for Editor in 0.00 ms.
Mono: successfully reloaded assembly
- Completed reload, in  0.903 seconds
Platform modules already initialized, skipping
Refreshing native plugins compatible for Editor in 0.75 ms, found 2 plugins.
Preloading 0 native plugins for Editor in 0.00 ms.
Unloading 3371 Unused Serialized files (Serialized files now loaded: 0)
System memory in use before: 213.5 MB.
System memory in use after: 213.6 MB.

Unloading 17 unused Assets to reduce memory usage. Loaded Objects now: 4176.
Total: 2.452800 ms (FindLiveObjects: 0.267100 ms CreateObjectMapping: 0.183700 ms MarkObjects: 1.908800 ms  DeleteObjects: 0.092200 ms)

========================================================================
Received Prepare
Registering precompiled user dll's ...
Registered in 0.003059 seconds.
Begin MonoManager ReloadAssembly
Native extension for WindowsStandalone target not found
Refreshing native plugins compatible for Editor in 0.60 ms, found 2 plugins.
Preloading 0 native plugins for Editor in 0.00 ms.
Mono: successfully reloaded assembly
- Completed reload, in  0.891 seconds
Platform modules already initialized, skipping
Refreshing native plugins compatible for Editor in 0.60 ms, found 2 plugins.
Preloading 0 native plugins for Editor in 0.00 ms.
Unloading 3371 Unused Serialized files (Serialized files now loaded: 0)
System memory in use before: 213.5 MB.
System memory in use after: 213.6 MB.

Unloading 17 unused Assets to reduce memory usage. Loaded Objects now: 4180.
Total: 2.519900 ms (FindLiveObjects: 0.268600 ms CreateObjectMapping: 0.140400 ms MarkObjects: 1.958400 ms  DeleteObjects: 0.151700 ms)

========================================================================
Received Prepare
Registering precompiled user dll's ...
Registered in 0.003093 seconds.
Begin MonoManager ReloadAssembly
Native extension for WindowsStandalone target not found
Refreshing native plugins compatible for Editor in 0.60 ms, found 2 plugins.
Preloading 0 native plugins for Editor in 0.00 ms.
Mono: successfully reloaded assembly
- Completed reload, in  0.888 seconds
Platform modules already initialized, skipping
Refreshing native plugins compatible for Editor in 0.59 ms, found 2 plugins.
Preloading 0 native plugins for Editor in 0.00 ms.
Unloading 3371 Unused Serialized files (Serialized files now loaded: 0)
System memory in use before: 213.6 MB.
System memory in use after: 213.7 MB.

Unloading 17 unused Assets to reduce memory usage. Loaded Objects now: 4184.
Total: 2.395300 ms (FindLiveObjects: 0.273200 ms CreateObjectMapping: 0.159100 ms MarkObjects: 1.875300 ms  DeleteObjects: 0.086800 ms)

========================================================================
Received Prepare
Registering precompiled user dll's ...
Registered in 0.003226 seconds.
Begin MonoManager ReloadAssembly
Native extension for WindowsStandalone target not found
Refreshing native plugins compatible for Editor in 0.60 ms, found 2 plugins.
Preloading 0 native plugins for Editor in 0.00 ms.
Mono: successfully reloaded assembly
- Completed reload, in  0.898 seconds
Platform modules already initialized, skipping
Refreshing native plugins compatible for Editor in 0.62 ms, found 2 plugins.
Preloading 0 native plugins for Editor in 0.00 ms.
Unloading 3371 Unused Serialized files (Serialized files now loaded: 0)
System memory in use before: 213.6 MB.
System memory in use after: 213.7 MB.

Unloading 17 unused Assets to reduce memory usage. Loaded Objects now: 4188.
Total: 2.426700 ms (FindLiveObjects: 0.272900 ms CreateObjectMapping: 0.229500 ms MarkObjects: 1.836500 ms  DeleteObjects: 0.086800 ms)

========================================================================
Received Prepare
Registering precompiled user dll's ...
Registered in 0.003076 seconds.
Begin MonoManager ReloadAssembly
Native extension for WindowsStandalone target not found
Refreshing native plugins compatible for Editor in 0.61 ms, found 2 plugins.
Preloading 0 native plugins for Editor in 0.00 ms.
Mono: successfully reloaded assembly
- Completed reload, in  0.899 seconds
Platform modules already initialized, skipping
Refreshing native plugins compatible for Editor in 0.57 ms, found 2 plugins.
Preloading 0 native plugins for Editor in 0.00 ms.
Unloading 3371 Unused Serialized files (Serialized files now loaded: 0)
System memory in use before: 213.6 MB.
System memory in use after: 213.7 MB.

Unloading 17 unused Assets to reduce memory usage. Loaded Objects now: 4192.
Total: 2.358700 ms (FindLiveObjects: 0.245900 ms CreateObjectMapping: 0.136500 ms MarkObjects: 1.876300 ms  DeleteObjects: 0.099400 ms)

========================================================================
Received Prepare
Registering precompiled user dll's ...
Registered in 0.003315 seconds.
Begin MonoManager ReloadAssembly
Native extension for WindowsStandalone target not found
Refreshing native plugins compatible for Editor in 0.58 ms, found 2 plugins.
Preloading 0 native plugins for Editor in 0.00 ms.
Mono: successfully reloaded assembly
- Completed reload, in  0.879 seconds
Platform modules already initialized, skipping
Refreshing native plugins compatible for Editor in 0.59 ms, found 2 plugins.
Preloading 0 native plugins for Editor in 0.00 ms.
Unloading 3371 Unused Serialized files (Serialized files now loaded: 0)
System memory in use before: 213.7 MB.
System memory in use after: 213.8 MB.

Unloading 17 unused Assets to reduce memory usage. Loaded Objects now: 4196.
Total: 2.432100 ms (FindLiveObjects: 0.268500 ms CreateObjectMapping: 0.158300 ms MarkObjects: 1.913900 ms  DeleteObjects: 0.090600 ms)

========================================================================
Received Prepare
Registering precompiled user dll's ...
Registered in 0.003066 seconds.
Begin MonoManager ReloadAssembly
Native extension for WindowsStandalone target not found
Refreshing native plugins compatible for Editor in 0.60 ms, found 2 plugins.
Preloading 0 native plugins for Editor in 0.00 ms.
Mono: successfully reloaded assembly
- Completed reload, in  0.899 seconds
Platform modules already initialized, skipping
Refreshing native plugins compatible for Editor in 0.61 ms, found 2 plugins.
Preloading 0 native plugins for Editor in 0.00 ms.
Unloading 3371 Unused Serialized files (Serialized files now loaded: 0)
System memory in use before: 213.7 MB.
System memory in use after: 213.8 MB.

Unloading 17 unused Assets to reduce memory usage. Loaded Objects now: 4200.
Total: 2.438200 ms (FindLiveObjects: 0.269200 ms CreateObjectMapping: 0.167000 ms MarkObjects: 1.915800 ms  DeleteObjects: 0.085400 ms)

========================================================================
Received Prepare
Registering precompiled user dll's ...
Registered in 0.003444 seconds.
Begin MonoManager ReloadAssembly
Native extension for WindowsStandalone target not found
Refreshing native plugins compatible for Editor in 0.60 ms, found 2 plugins.
Preloading 0 native plugins for Editor in 0.00 ms.
Mono: successfully reloaded assembly
- Completed reload, in  0.893 seconds
Platform modules already initialized, skipping
Refreshing native plugins compatible for Editor in 0.64 ms, found 2 plugins.
Preloading 0 native plugins for Editor in 0.00 ms.
Unloading 3371 Unused Serialized files (Serialized files now loaded: 0)
System memory in use before: 213.7 MB.
System memory in use after: 213.8 MB.

Unloading 17 unused Assets to reduce memory usage. Loaded Objects now: 4204.
Total: 2.296200 ms (FindLiveObjects: 0.271500 ms CreateObjectMapping: 0.153400 ms MarkObjects: 1.783100 ms  DeleteObjects: 0.087600 ms)

========================================================================
Received Prepare
Registering precompiled user dll's ...
Registered in 0.003295 seconds.
Begin MonoManager ReloadAssembly
Native extension for WindowsStandalone target not found
Refreshing native plugins compatible for Editor in 0.59 ms, found 2 plugins.
Preloading 0 native plugins for Editor in 0.00 ms.
Mono: successfully reloaded assembly
- Completed reload, in  0.881 seconds
Platform modules already initialized, skipping
Refreshing native plugins compatible for Editor in 0.58 ms, found 2 plugins.
Preloading 0 native plugins for Editor in 0.00 ms.
Unloading 3371 Unused Serialized files (Serialized files now loaded: 0)
System memory in use before: 213.7 MB.
System memory in use after: 213.8 MB.

Unloading 17 unused Assets to reduce memory usage. Loaded Objects now: 4208.
Total: 2.379400 ms (FindLiveObjects: 0.271700 ms CreateObjectMapping: 0.152200 ms MarkObjects: 1.866100 ms  DeleteObjects: 0.088700 ms)

========================================================================
Received Prepare
Registering precompiled user dll's ...
Registered in 0.003143 seconds.
Begin MonoManager ReloadAssembly
Native extension for WindowsStandalone target not found
Refreshing native plugins compatible for Editor in 0.62 ms, found 2 plugins.
Preloading 0 native plugins for Editor in 0.00 ms.
Mono: successfully reloaded assembly
- Completed reload, in  0.898 seconds
Platform modules already initialized, skipping
Refreshing native plugins compatible for Editor in 0.58 ms, found 2 plugins.
Preloading 0 native plugins for Editor in 0.00 ms.
Unloading 3371 Unused Serialized files (Serialized files now loaded: 0)
System memory in use before: 213.7 MB.
System memory in use after: 213.8 MB.

Unloading 17 unused Assets to reduce memory usage. Loaded Objects now: 4212.
Total: 2.517400 ms (FindLiveObjects: 0.314400 ms CreateObjectMapping: 0.200700 ms MarkObjects: 1.914700 ms  DeleteObjects: 0.086700 ms)

========================================================================
Received Prepare
Registering precompiled user dll's ...
Registered in 0.003185 seconds.
Begin MonoManager ReloadAssembly
Native extension for WindowsStandalone target not found
Refreshing native plugins compatible for Editor in 0.60 ms, found 2 plugins.
Preloading 0 native plugins for Editor in 0.00 ms.
Mono: successfully reloaded assembly
- Completed reload, in  0.894 seconds
Platform modules already initialized, skipping
Refreshing native plugins compatible for Editor in 0.59 ms, found 2 plugins.
Preloading 0 native plugins for Editor in 0.00 ms.
Unloading 3371 Unused Serialized files (Serialized files now loaded: 0)
System memory in use before: 213.7 MB.
System memory in use after: 213.8 MB.

Unloading 17 unused Assets to reduce memory usage. Loaded Objects now: 4216.
Total: 2.288400 ms (FindLiveObjects: 0.267800 ms CreateObjectMapping: 0.155100 ms MarkObjects: 1.782000 ms  DeleteObjects: 0.082900 ms)

========================================================================
Received Prepare
Registering precompiled user dll's ...
Registered in 0.003106 seconds.
Begin MonoManager ReloadAssembly
Native extension for WindowsStandalone target not found
Refreshing native plugins compatible for Editor in 0.60 ms, found 2 plugins.
Preloading 0 native plugins for Editor in 0.00 ms.
Mono: successfully reloaded assembly
- Completed reload, in  0.882 seconds
Platform modules already initialized, skipping
Refreshing native plugins compatible for Editor in 0.64 ms, found 2 plugins.
Preloading 0 native plugins for Editor in 0.00 ms.
Unloading 3371 Unused Serialized files (Serialized files now loaded: 0)
System memory in use before: 213.7 MB.
System memory in use after: 213.8 MB.

Unloading 17 unused Assets to reduce memory usage. Loaded Objects now: 4220.
Total: 2.500600 ms (FindLiveObjects: 0.247300 ms CreateObjectMapping: 0.127400 ms MarkObjects: 2.030100 ms  DeleteObjects: 0.095200 ms)

========================================================================
Received Prepare
Registering precompiled user dll's ...
Registered in 0.003103 seconds.
Begin MonoManager ReloadAssembly
Native extension for WindowsStandalone target not found
Refreshing native plugins compatible for Editor in 0.61 ms, found 2 plugins.
Preloading 0 native plugins for Editor in 0.00 ms.
Mono: successfully reloaded assembly
- Completed reload, in  0.899 seconds
Platform modules already initialized, skipping
Refreshing native plugins compatible for Editor in 0.62 ms, found 2 plugins.
Preloading 0 native plugins for Editor in 0.00 ms.
Unloading 3371 Unused Serialized files (Serialized files now loaded: 0)
System memory in use before: 213.7 MB.
System memory in use after: 213.8 MB.

Unloading 17 unused Assets to reduce memory usage. Loaded Objects now: 4224.
Total: 3.301200 ms (FindLiveObjects: 0.341800 ms CreateObjectMapping: 0.221600 ms MarkObjects: 2.640100 ms  DeleteObjects: 0.096700 ms)

========================================================================
Received Prepare
Registering precompiled user dll's ...
Registered in 0.003321 seconds.
Begin MonoManager ReloadAssembly
Native extension for WindowsStandalone target not found
Refreshing native plugins compatible for Editor in 0.60 ms, found 2 plugins.
Preloading 0 native plugins for Editor in 0.00 ms.
Mono: successfully reloaded assembly
- Completed reload, in  0.898 seconds
Platform modules already initialized, skipping
Refreshing native plugins compatible for Editor in 0.59 ms, found 2 plugins.
Preloading 0 native plugins for Editor in 0.00 ms.
Unloading 3371 Unused Serialized files (Serialized files now loaded: 0)
System memory in use before: 213.7 MB.
System memory in use after: 213.8 MB.

Unloading 17 unused Assets to reduce memory usage. Loaded Objects now: 4228.
Total: 2.301300 ms (FindLiveObjects: 0.272400 ms CreateObjectMapping: 0.161700 ms MarkObjects: 1.784500 ms  DeleteObjects: 0.081900 ms)

========================================================================
Received Prepare
Refreshing native plugins compatible for Editor in 3.08 ms, found 2 plugins.
Preloading 0 native plugins for Editor in 0.00 ms.
Unloading 15 Unused Serialized files (Serialized files now loaded: 0)
System memory in use before: 147.2 MB.
System memory in use after: 147.3 MB.

Unloading 15 unused Assets to reduce memory usage. Loaded Objects now: 4228.
Total: 2.376600 ms (FindLiveObjects: 0.266900 ms CreateObjectMapping: 0.155400 ms MarkObjects: 1.870500 ms  DeleteObjects: 0.083300 ms)

AssetImportWorkerClient::OnTransportError - code=2 error=End of file
